Loading the manifest data
Loading super manfiest files from all sources
Getting manifests from remote and/or local sources
Processing system manifest 'https://modustoolbox.infineon.com/manifests/mtb-super-manifest/v2.X/mtb-super-manifest-fv2.xml'
Downloading super manifest file 'https://modustoolbox.infineon.com/manifests/mtb-super-manifest/v2.X/mtb-super-manifest-fv2.xml'
Finished loading super manifest files from all sources
Finished download of file 'https://modustoolbox.infineon.com/manifests/mtb-super-manifest/v2.X/mtb-super-manifest-fv2.xml'
Starting to parse super manifest with URL 'https://modustoolbox.infineon.com/manifests/mtb-super-manifest/v2.X/mtb-super-manifest-fv2.xml'
Finished parsing super manifest with URL 'https://modustoolbox.infineon.com/manifests/mtb-super-manifest/v2.X/mtb-super-manifest-fv2.xml'
Downloading manifest file 'https://github.com/Infineon/mtb-ce-manifest/raw/v2.X/mtb-ce-manifest.xml'
Downloading manifest file 'https://github.com/Infineon/mtb-ce-manifest/raw/v2.X/mtb-ce-manifest-fv2.xml'
Downloading manifest file 'https://github.com/Infineon/mtb-bt-app-manifest/raw/v2.X/mtb-bt-app-manifest.xml'
Downloading manifest file 'https://github.com/Infineon/mtb-bt-app-manifest/raw/v2.X/mtb-bt-app-manifest-fv2.xml'
Downloading manifest file 'https://github.com/Infineon/cce-app-manifest/raw/v2.X/cce-app-manifest-fv2.xml'
Downloading manifest file 'https://github.com/CyberonEBU/cyberon-mtb-ce-manifest/raw/main/cyberon-mtb-ce-manifest-fv2.xml'
Downloading manifest file 'https://github.com/edgeimpulse/edgeimpulse-ce-manifest/raw/main/edgeimpulse-ce-manifest-fv2.xml'
Downloading manifest file 'https://github.com/golioth/mtb-golioth-ce-manifest/raw/main/mtb-golioth-ce-manifest-fv2.xml'
Downloading manifest file 'https://github.com/memfault/mtb-memfault-ce-manifest/raw/main/mtb-memfault-ce-manifest-fv2.xml'
Downloading manifest file 'https://github.com/RutronikSystemSolutions/rutronik-ce-manifest/raw/main/rutronik-ce-manifest-fv2.xml'
Downloading manifest file 'https://github.com/sensiml/sensiml-ce-manifest/raw/main/sensiml-ce-manifest-fv2.xml'
Downloading manifest file 'https://github.com/Infineon/mtb-bsp-manifest/raw/v2.X/mtb-bsp-manifest.xml'
Downloading manifest file 'https://github.com/Infineon/mtb-bsp-manifest/raw/v2.X/mtb-bsp-manifest-fv2.xml'
Downloading manifest file 'https://github.com/Infineon/mtb-bsp-manifest/raw/v2.X/mtb-bsp-dependencies-manifest.xml'
Downloading manifest file 'https://github.com/Infineon/mtb-bt-bsp-manifest/raw/v2.X/mtb-bt-bsp-manifest.xml'
Downloading manifest file 'https://github.com/Infineon/mtb-bt-bsp-manifest/raw/v2.X/mtb-bt-bsp-manifest-fv2.xml'
Downloading manifest file 'https://github.com/Infineon/mtb-bt-bsp-manifest/raw/v2.X/mtb-bt-bsp-dependencies-manifest.xml'
Downloading manifest file 'https://github.com/RutronikSystemSolutions/rutronik-bsp-manifest/raw/main/rutronik-bsp-manifest-fv2.xml'
Downloading manifest file 'https://github.com/RutronikSystemSolutions/rutronik-bsp-manifest/raw/main/rutronik-bsp-dependencies-manifest.xml'
Downloading manifest file 'https://github.com/Infineon/mtb-mw-manifest/raw/v2.X/mtb-mw-manifest.xml'
Downloading manifest file 'https://github.com/Infineon/mtb-mw-manifest/raw/v2.X/mtb-mw-manifest-fv2.xml'
Downloading manifest file 'https://github.com/Infineon/mtb-mw-manifest/raw/v2.X/mtb-mw-dependencies-manifest.xml'
Downloading manifest file 'https://github.com/Infineon/mtb-bt-mw-manifest/raw/v2.X/mtb-bt-mw-manifest.xml'
Downloading manifest file 'https://github.com/Infineon/mtb-bt-mw-manifest/raw/v2.X/mtb-bt-mw-manifest-fv2.xml'
Downloading manifest file 'https://github.com/Infineon/mtb-bt-mw-manifest/raw/v2.X/mtb-bt-mw-dependencies-manifest.xml'
Downloading manifest file 'https://github.com/Infineon/mtb-wifi-mw-manifest/raw/v2.X/mtb-wifi-mw-manifest.xml'
Downloading manifest file 'https://github.com/Infineon/mtb-wifi-mw-manifest/raw/v2.X/mtb-wifi-mw-manifest-fv2.xml'
Downloading manifest file 'https://github.com/Infineon/mtb-wifi-mw-manifest/raw/v2.X/mtb-wifi-mw-dependencies-manifest.xml'
Downloading manifest file 'https://github.com/CyberonEBU/cyberon-mtb-mw-manifest/raw/main/cyberon-mtb-mw-manifest-fv2.xml'
Downloading manifest file 'https://github.com/golioth/mtb-golioth-mw-manifest/raw/main/mtb-golioth-mw-manifest-fv2.xml'
Downloading manifest file 'https://github.com/memfault/mtb-memfault-mw-manifest/raw/main/mtb-memfault-mw-manifest-fv2.xml'
Downloading manifest file 'https://github.com/sensiml/sensiml-mw-manifest/raw/main/sensiml-mw-manifest-fv2.xml'
Finished download of file 'https://github.com/Infineon/mtb-ce-manifest/raw/v2.X/mtb-ce-manifest.xml'
Finished download of file 'https://github.com/Infineon/mtb-ce-manifest/raw/v2.X/mtb-ce-manifest-fv2.xml'
Finished download of file 'https://github.com/Infineon/mtb-bt-app-manifest/raw/v2.X/mtb-bt-app-manifest.xml'
Finished download of file 'https://github.com/Infineon/mtb-bt-app-manifest/raw/v2.X/mtb-bt-app-manifest-fv2.xml'
Finished download of file 'https://github.com/Infineon/cce-app-manifest/raw/v2.X/cce-app-manifest-fv2.xml'
Finished download of file 'https://github.com/CyberonEBU/cyberon-mtb-ce-manifest/raw/main/cyberon-mtb-ce-manifest-fv2.xml'
Finished download of file 'https://github.com/edgeimpulse/edgeimpulse-ce-manifest/raw/main/edgeimpulse-ce-manifest-fv2.xml'
Finished download of file 'https://github.com/golioth/mtb-golioth-ce-manifest/raw/main/mtb-golioth-ce-manifest-fv2.xml'
Finished download of file 'https://github.com/memfault/mtb-memfault-ce-manifest/raw/main/mtb-memfault-ce-manifest-fv2.xml'
Finished download of file 'https://github.com/RutronikSystemSolutions/rutronik-ce-manifest/raw/main/rutronik-ce-manifest-fv2.xml'
Finished download of file 'https://github.com/sensiml/sensiml-ce-manifest/raw/main/sensiml-ce-manifest-fv2.xml'
Finished download of file 'https://github.com/Infineon/mtb-bsp-manifest/raw/v2.X/mtb-bsp-manifest.xml'
Finished download of file 'https://github.com/Infineon/mtb-bsp-manifest/raw/v2.X/mtb-bsp-manifest-fv2.xml'
Finished download of file 'https://github.com/Infineon/mtb-bsp-manifest/raw/v2.X/mtb-bsp-dependencies-manifest.xml'
Finished download of file 'https://github.com/Infineon/mtb-bt-bsp-manifest/raw/v2.X/mtb-bt-bsp-manifest.xml'
Finished download of file 'https://github.com/Infineon/mtb-bt-bsp-manifest/raw/v2.X/mtb-bt-bsp-manifest-fv2.xml'
Finished download of file 'https://github.com/Infineon/mtb-bt-bsp-manifest/raw/v2.X/mtb-bt-bsp-dependencies-manifest.xml'
Finished download of file 'https://github.com/RutronikSystemSolutions/rutronik-bsp-manifest/raw/main/rutronik-bsp-manifest-fv2.xml'
Finished download of file 'https://github.com/RutronikSystemSolutions/rutronik-bsp-manifest/raw/main/rutronik-bsp-dependencies-manifest.xml'
Finished download of file 'https://github.com/Infineon/mtb-mw-manifest/raw/v2.X/mtb-mw-manifest.xml'
Finished download of file 'https://github.com/Infineon/mtb-mw-manifest/raw/v2.X/mtb-mw-manifest-fv2.xml'
Finished download of file 'https://github.com/Infineon/mtb-mw-manifest/raw/v2.X/mtb-mw-dependencies-manifest.xml'
Finished download of file 'https://github.com/Infineon/mtb-bt-mw-manifest/raw/v2.X/mtb-bt-mw-manifest.xml'
Finished download of file 'https://github.com/Infineon/mtb-bt-mw-manifest/raw/v2.X/mtb-bt-mw-manifest-fv2.xml'
Finished download of file 'https://github.com/Infineon/mtb-bt-mw-manifest/raw/v2.X/mtb-bt-mw-dependencies-manifest.xml'
Finished download of file 'https://github.com/Infineon/mtb-wifi-mw-manifest/raw/v2.X/mtb-wifi-mw-manifest.xml'
Finished download of file 'https://github.com/Infineon/mtb-wifi-mw-manifest/raw/v2.X/mtb-wifi-mw-manifest-fv2.xml'
Finished download of file 'https://github.com/Infineon/mtb-wifi-mw-manifest/raw/v2.X/mtb-wifi-mw-dependencies-manifest.xml'
Finished download of file 'https://github.com/CyberonEBU/cyberon-mtb-mw-manifest/raw/main/cyberon-mtb-mw-manifest-fv2.xml'
Finished download of file 'https://github.com/golioth/mtb-golioth-mw-manifest/raw/main/mtb-golioth-mw-manifest-fv2.xml'
Finished download of file 'https://github.com/memfault/mtb-memfault-mw-manifest/raw/main/mtb-memfault-mw-manifest-fv2.xml'
Finished download of file 'https://github.com/sensiml/sensiml-mw-manifest/raw/main/sensiml-mw-manifest-fv2.xml'
Finished loading the manifest data (2187 ms)
Loading the device db
Finished loading the device db (56793 ms)
INFO:Using the executable path for the tools directory.
0 error(s), 0 warning(s)
INFO:Using the executable path for the tools directory.

Summary: 

BSP: CY8CKIT-062-WIFI-BT
Template Application(s): Empty App
Application(s) Root Path: C:/Users/brent/Desktop/PXLocal/DC/project1

Press "Create" to create the selected application(s).

Collecting application data...

Info: The following entered on the command line will create the exact same project as that created with the GUI tool:
C:/Users/brent/ModusToolbox/tools_3.0/project-creator/project-creator-cli.exe --board-id CY8CKIT-062-WIFI-BT --board-uri https://github.com/cypresssemiconductorco/TARGET_CY8CKIT-062-WIFI-BT --board-commit latest-v4.X --app-id mtb-example-empty-app --app-uri https://github.com/Infineon/mtb-example-empty-app --app-commit latest-v4.X --cypress-tools C:/Users/brent/ModusToolbox/tools_3.0 --target-dir C:/Users/brent/Desktop/PXLocal/DC/project1 --user-app-name UART --use-modus-shell

Starting application creation for 'C:/Users/brent/Desktop/PXLocal/DC/project1/UART'.
Acquiring the application source 'https://github.com/Infineon/mtb-example-empty-app'.
Acquired application source successfully.
Loading the application.
Loaded the application successfully.
Processing project 'UART'.
Starting to commit changes to the filesystem and project 'mtb-example-empty-app'.
Writing mtb file for asset 'CY8CKIT-062-WIFI-BT' to the folder 'C:/Users/brent/Desktop/PXLocal/DC/project1/UART/deps'.
Writing mtb file for asset 'cat1cm0p' to the folder 'C:/Users/brent/Desktop/PXLocal/DC/project1/UART/libs'.
Writing mtb file for asset 'core-lib' to the folder 'C:/Users/brent/Desktop/PXLocal/DC/project1/UART/libs'.
Writing mtb file for asset 'core-make' to the folder 'C:/Users/brent/Desktop/PXLocal/DC/project1/UART/libs'.
Writing mtb file for asset 'mtb-hal-cat1' to the folder 'C:/Users/brent/Desktop/PXLocal/DC/project1/UART/libs'.
Writing mtb file for asset 'mtb-pdl-cat1' to the folder 'C:/Users/brent/Desktop/PXLocal/DC/project1/UART/libs'.
Writing mtb file for asset 'recipe-make-cat1a' to the folder 'C:/Users/brent/Desktop/PXLocal/DC/project1/UART/libs'.
Writing mtb file for asset 'udb-sdio-whd' to the folder 'C:/Users/brent/Desktop/PXLocal/DC/project1/UART/libs'.
Writing mtb file for asset 'cmsis' to the folder 'C:/Users/brent/Desktop/PXLocal/DC/project1/UART/libs'.
Starting: git -C C:/Users/brent/.modustoolbox/git/cache/git/https___github.com_cypresssemiconductorco_TARGET_CY8CKIT-062-WIFI-BT/TARGET_CY8CKIT-062-WIFI-BT config remote.origin.fetch 'refs/heads/*:refs/heads/*'
Starting: git -C C:/Users/brent/.modustoolbox/git/cache/git/https___github.com_Infineon_cat1cm0p/cat1cm0p config remote.origin.fetch 'refs/heads/*:refs/heads/*'
Starting: git -C C:/Users/brent/.modustoolbox/git/cache/git/https___github.com_cypresssemiconductorco_core-lib/core-lib config remote.origin.fetch 'refs/heads/*:refs/heads/*'
Starting: git -C C:/Users/brent/.modustoolbox/git/cache/git/https___github.com_cypresssemiconductorco_core-make/core-make config remote.origin.fetch 'refs/heads/*:refs/heads/*'
Starting: git -C C:/Users/brent/.modustoolbox/git/cache/git/https___github.com_cypresssemiconductorco_mtb-hal-cat1/mtb-hal-cat1 config remote.origin.fetch 'refs/heads/*:refs/heads/*'
Starting: git -C C:/Users/brent/.modustoolbox/git/cache/git/https___github.com_cypresssemiconductorco_mtb-pdl-cat1/mtb-pdl-cat1 config remote.origin.fetch 'refs/heads/*:refs/heads/*'
Starting: git -C C:/Users/brent/.modustoolbox/git/cache/git/https___github.com_cypresssemiconductorco_recipe-make-cat1a/recipe-make-cat1a config remote.origin.fetch 'refs/heads/*:refs/heads/*'
Success: git -C C:/Users/brent/.modustoolbox/git/cache/git/https___github.com_cypresssemiconductorco_TARGET_CY8CKIT-062-WIFI-BT/TARGET_CY8CKIT-062-WIFI-BT config remote.origin.fetch 'refs/heads/*:refs/heads/*'
Starting: git -C C:/Users/brent/.modustoolbox/git/cache/git/https___github.com_cypresssemiconductorco_udb-sdio-whd/udb-sdio-whd config remote.origin.fetch 'refs/heads/*:refs/heads/*'
Success: git -C C:/Users/brent/.modustoolbox/git/cache/git/https___github.com_Infineon_cat1cm0p/cat1cm0p config remote.origin.fetch 'refs/heads/*:refs/heads/*'
Starting: git -C C:/Users/brent/.modustoolbox/git/cache/git/https___github.com_Infineon_cmsis/cmsis config remote.origin.fetch 'refs/heads/*:refs/heads/*'
Success: git -C C:/Users/brent/.modustoolbox/git/cache/git/https___github.com_cypresssemiconductorco_core-make/core-make config remote.origin.fetch 'refs/heads/*:refs/heads/*'
Starting: git -C C:/Users/brent/.modustoolbox/git/cache/git/https___github.com_cypresssemiconductorco_TARGET_CY8CKIT-062-WIFI-BT/TARGET_CY8CKIT-062-WIFI-BT fetch --all --tags --force --quiet
Success: git -C C:/Users/brent/.modustoolbox/git/cache/git/https___github.com_cypresssemiconductorco_core-lib/core-lib config remote.origin.fetch 'refs/heads/*:refs/heads/*'
Starting: git -C C:/Users/brent/.modustoolbox/git/cache/git/https___github.com_Infineon_cat1cm0p/cat1cm0p fetch --all --tags --force --quiet
Success: git -C C:/Users/brent/.modustoolbox/git/cache/git/https___github.com_cypresssemiconductorco_mtb-pdl-cat1/mtb-pdl-cat1 config remote.origin.fetch 'refs/heads/*:refs/heads/*'
Starting: git -C C:/Users/brent/.modustoolbox/git/cache/git/https___github.com_cypresssemiconductorco_core-make/core-make fetch --all --tags --force --quiet
Success: git -C C:/Users/brent/.modustoolbox/git/cache/git/https___github.com_cypresssemiconductorco_recipe-make-cat1a/recipe-make-cat1a config remote.origin.fetch 'refs/heads/*:refs/heads/*'
Starting: git -C C:/Users/brent/.modustoolbox/git/cache/git/https___github.com_cypresssemiconductorco_core-lib/core-lib fetch --all --tags --force --quiet
Success: git -C C:/Users/brent/.modustoolbox/git/cache/git/https___github.com_cypresssemiconductorco_mtb-hal-cat1/mtb-hal-cat1 config remote.origin.fetch 'refs/heads/*:refs/heads/*'
Starting: git -C C:/Users/brent/.modustoolbox/git/cache/git/https___github.com_cypresssemiconductorco_mtb-pdl-cat1/mtb-pdl-cat1 fetch --all --tags --force --quiet
Success: git -C C:/Users/brent/.modustoolbox/git/cache/git/https___github.com_cypresssemiconductorco_udb-sdio-whd/udb-sdio-whd config remote.origin.fetch 'refs/heads/*:refs/heads/*'
Starting: git -C C:/Users/brent/.modustoolbox/git/cache/git/https___github.com_cypresssemiconductorco_recipe-make-cat1a/recipe-make-cat1a fetch --all --tags --force --quiet
Success: git -C C:/Users/brent/.modustoolbox/git/cache/git/https___github.com_Infineon_cmsis/cmsis config remote.origin.fetch 'refs/heads/*:refs/heads/*'
Starting: git -C C:/Users/brent/.modustoolbox/git/cache/git/https___github.com_cypresssemiconductorco_mtb-hal-cat1/mtb-hal-cat1 fetch --all --tags --force --quiet
Success: git -C C:/Users/brent/.modustoolbox/git/cache/git/https___github.com_cypresssemiconductorco_recipe-make-cat1a/recipe-make-cat1a fetch --all --tags --force --quiet
Starting: git -C C:/Users/brent/.modustoolbox/git/cache/git/https___github.com_cypresssemiconductorco_udb-sdio-whd/udb-sdio-whd fetch --all --tags --force --quiet
Success: git -C C:/Users/brent/.modustoolbox/git/cache/git/https___github.com_cypresssemiconductorco_TARGET_CY8CKIT-062-WIFI-BT/TARGET_CY8CKIT-062-WIFI-BT fetch --all --tags --force --quiet
Starting: git -C C:/Users/brent/.modustoolbox/git/cache/git/https___github.com_Infineon_cmsis/cmsis fetch --all --tags --force --quiet
Success: git -C C:/Users/brent/.modustoolbox/git/cache/git/https___github.com_cypresssemiconductorco_core-lib/core-lib fetch --all --tags --force --quiet
Starting: git -C C:/Users/brent/Desktop/PXLocal/DC/project1/mtb_shared/recipe-make-cat1a clone --origin cypress --no-checkout C:/Users/brent/.modustoolbox/git/cache/git/https___github.com_cypresssemiconductorco_recipe-make-cat1a/recipe-make-cat1a release-v2.1.1
Cloning into 'release-v2.1.1'...
done.
Success: git -C C:/Users/brent/.modustoolbox/git/cache/git/https___github.com_cypresssemiconductorco_core-make/core-make fetch --all --tags --force --quiet
Starting: git -C C:/Users/brent/Desktop/PXLocal/DC/project1/UART/libs clone --origin cypress --no-checkout C:/Users/brent/.modustoolbox/git/cache/git/https___github.com_cypresssemiconductorco_TARGET_CY8CKIT-062-WIFI-BT/TARGET_CY8CKIT-062-WIFI-BT TARGET_CY8CKIT-062-WIFI-BT
Cloning into 'TARGET_CY8CKIT-062-WIFI-BT'...
Success: git -C C:/Users/brent/Desktop/PXLocal/DC/project1/mtb_shared/recipe-make-cat1a clone --origin cypress --no-checkout C:/Users/brent/.modustoolbox/git/cache/git/https___github.com_cypresssemiconductorco_recipe-make-cat1a/recipe-make-cat1a release-v2.1.1
Starting: git -C C:/Users/brent/Desktop/PXLocal/DC/project1/mtb_shared/core-lib clone --origin cypress --no-checkout C:/Users/brent/.modustoolbox/git/cache/git/https___github.com_cypresssemiconductorco_core-lib/core-lib release-v1.4.1
Cloning into 'release-v1.4.1'...
Success: git -C C:/Users/brent/.modustoolbox/git/cache/git/https___github.com_Infineon_cat1cm0p/cat1cm0p fetch --all --tags --force --quiet
Starting: git -C C:/Users/brent/Desktop/PXLocal/DC/project1/mtb_shared/core-make clone --origin cypress --no-checkout C:/Users/brent/.modustoolbox/git/cache/git/https___github.com_cypresssemiconductorco_core-make/core-make release-v3.2.2
done.
Cloning into 'release-v3.2.2'...
done.
Success: git -C C:/Users/brent/Desktop/PXLocal/DC/project1/UART/libs clone --origin cypress --no-checkout C:/Users/brent/.modustoolbox/git/cache/git/https___github.com_cypresssemiconductorco_TARGET_CY8CKIT-062-WIFI-BT/TARGET_CY8CKIT-062-WIFI-BT TARGET_CY8CKIT-062-WIFI-BT
Starting: git -C C:/Users/brent/Desktop/PXLocal/DC/project1/mtb_shared/recipe-make-cat1a/release-v2.1.1 checkout release-v2.1.1
Success: git -C C:/Users/brent/.modustoolbox/git/cache/git/https___github.com_cypresssemiconductorco_udb-sdio-whd/udb-sdio-whd fetch --all --tags --force --quiet
Starting: git -C C:/Users/brent/Desktop/PXLocal/DC/project1/mtb_shared/cat1cm0p clone --origin cypress --no-checkout C:/Users/brent/.modustoolbox/git/cache/git/https___github.com_Infineon_cat1cm0p/cat1cm0p release-v1.2.0
Success: git -C C:/Users/brent/Desktop/PXLocal/DC/project1/mtb_shared/core-lib clone --origin cypress --no-checkout C:/Users/brent/.modustoolbox/git/cache/git/https___github.com_cypresssemiconductorco_core-lib/core-lib release-v1.4.1
Starting: git -C C:/Users/brent/Desktop/PXLocal/DC/project1/UART/libs/TARGET_CY8CKIT-062-WIFI-BT checkout release-v4.2.0
Success: git -C C:/Users/brent/.modustoolbox/git/cache/git/https___github.com_cypresssemiconductorco_mtb-hal-cat1/mtb-hal-cat1 fetch --all --tags --force --quiet
Starting: git -C C:/Users/brent/Desktop/PXLocal/DC/project1/mtb_shared/udb-sdio-whd clone --origin cypress --no-checkout C:/Users/brent/.modustoolbox/git/cache/git/https___github.com_cypresssemiconductorco_udb-sdio-whd/udb-sdio-whd release-v1.2.1
Success: git -C C:/Users/brent/.modustoolbox/git/cache/git/https___github.com_Infineon_cmsis/cmsis fetch --all --tags --force --quiet
Starting: git -C C:/Users/brent/Desktop/PXLocal/DC/project1/mtb_shared/core-lib/release-v1.4.1 checkout release-v1.4.1
done.
Cloning into 'release-v1.2.1'...
Cloning into 'release-v1.2.0'...
Success: git -C C:/Users/brent/.modustoolbox/git/cache/git/https___github.com_cypresssemiconductorco_mtb-pdl-cat1/mtb-pdl-cat1 fetch --all --tags --force --quiet
Starting: git -C C:/Users/brent/Desktop/PXLocal/DC/project1/mtb_shared/mtb-hal-cat1 clone --origin cypress --no-checkout C:/Users/brent/.modustoolbox/git/cache/git/https___github.com_cypresssemiconductorco_mtb-hal-cat1/mtb-hal-cat1 release-v2.4.3
Success: git -C C:/Users/brent/Desktop/PXLocal/DC/project1/mtb_shared/core-make clone --origin cypress --no-checkout C:/Users/brent/.modustoolbox/git/cache/git/https___github.com_cypresssemiconductorco_core-make/core-make release-v3.2.2
Starting: git -C C:/Users/brent/Desktop/PXLocal/DC/project1/mtb_shared/cmsis clone --origin cypress --no-checkout C:/Users/brent/.modustoolbox/git/cache/git/https___github.com_Infineon_cmsis/cmsis release-v5.8.0
Cloning into 'release-v2.4.3'...
done.
Cloning into 'release-v5.8.0'...
Success: git -C C:/Users/brent/Desktop/PXLocal/DC/project1/mtb_shared/udb-sdio-whd clone --origin cypress --no-checkout C:/Users/brent/.modustoolbox/git/cache/git/https___github.com_cypresssemiconductorco_udb-sdio-whd/udb-sdio-whd release-v1.2.1
Starting: git -C C:/Users/brent/Desktop/PXLocal/DC/project1/mtb_shared/mtb-pdl-cat1 clone --origin cypress --no-checkout C:/Users/brent/.modustoolbox/git/cache/git/https___github.com_cypresssemiconductorco_mtb-pdl-cat1/mtb-pdl-cat1 release-v3.7.0
done.
done.
done.
Cloning into 'release-v3.7.0'...
Success: git -C C:/Users/brent/Desktop/PXLocal/DC/project1/mtb_shared/mtb-hal-cat1 clone --origin cypress --no-checkout C:/Users/brent/.modustoolbox/git/cache/git/https___github.com_cypresssemiconductorco_mtb-hal-cat1/mtb-hal-cat1 release-v2.4.3
Starting: git -C C:/Users/brent/Desktop/PXLocal/DC/project1/mtb_shared/core-make/release-v3.2.2 checkout release-v3.2.2
Success: git -C C:/Users/brent/Desktop/PXLocal/DC/project1/mtb_shared/cat1cm0p clone --origin cypress --no-checkout C:/Users/brent/.modustoolbox/git/cache/git/https___github.com_Infineon_cat1cm0p/cat1cm0p release-v1.2.0
Starting: git -C C:/Users/brent/Desktop/PXLocal/DC/project1/mtb_shared/udb-sdio-whd/release-v1.2.1 checkout release-v1.2.1
Success: git -C C:/Users/brent/Desktop/PXLocal/DC/project1/mtb_shared/cmsis clone --origin cypress --no-checkout C:/Users/brent/.modustoolbox/git/cache/git/https___github.com_Infineon_cmsis/cmsis release-v5.8.0
Starting: git -C C:/Users/brent/Desktop/PXLocal/DC/project1/mtb_shared/mtb-hal-cat1/release-v2.4.3 checkout release-v2.4.3
done.
Success: git -C C:/Users/brent/Desktop/PXLocal/DC/project1/mtb_shared/mtb-pdl-cat1 clone --origin cypress --no-checkout C:/Users/brent/.modustoolbox/git/cache/git/https___github.com_cypresssemiconductorco_mtb-pdl-cat1/mtb-pdl-cat1 release-v3.7.0
Starting: git -C C:/Users/brent/Desktop/PXLocal/DC/project1/mtb_shared/cat1cm0p/release-v1.2.0 checkout release-v1.2.0
Note: switching to 'release-v3.2.2'.

You are in 'detached HEAD' state. You can look around, make experimental
changes and commit them, and you can discard any commits you make in this
state without impacting any branches by switching back to a branch.

If you want to create a new branch to retain commits you create, you may
do so (now or later) by using -c with the switch command. Example:

  git switch -c <new-branch-name>

Or undo this operation with:

  git switch -

Turn off this advice by setting config variable advice.detachedHead to false

HEAD is now at b962a1e Upload core-make 3.2.2.4739 [1647]
Success: git -C C:/Users/brent/Desktop/PXLocal/DC/project1/mtb_shared/core-make/release-v3.2.2 checkout release-v3.2.2
Starting: git -C C:/Users/brent/Desktop/PXLocal/DC/project1/mtb_shared/cmsis/release-v5.8.0 checkout release-v5.8.0
Note: switching to 'release-v1.2.0'.

You are in 'detached HEAD' state. You can look around, make experimental
changes and commit them, and you can discard any commits you make in this
state without impacting any branches by switching back to a branch.

If you want to create a new branch to retain commits you create, you may
do so (now or later) by using -c with the switch command. Example:

  git switch -c <new-branch-name>

Or undo this operation with:

  git switch -

Turn off this advice by setting config variable advice.detachedHead to false

HEAD is now at 68f0d3e Upload cat1cm0p 1.2.0.325 [1884]
Success: git -C C:/Users/brent/Desktop/PXLocal/DC/project1/mtb_shared/cat1cm0p/release-v1.2.0 checkout release-v1.2.0
Starting: git -C C:/Users/brent/Desktop/PXLocal/DC/project1/mtb_shared/mtb-pdl-cat1/release-v3.7.0 checkout release-v3.7.0
Note: switching to 'release-v2.1.1'.

You are in 'detached HEAD' state. You can look around, make experimental
changes and commit them, and you can discard any commits you make in this
state without impacting any branches by switching back to a branch.

If you want to create a new branch to retain commits you create, you may
do so (now or later) by using -c with the switch command. Example:

  git switch -c <new-branch-name>

Or undo this operation with:

  git switch -

Turn off this advice by setting config variable advice.detachedHead to false

HEAD is now at 9cbdee3 Upload recipe-make-cat1a 2.1.1.4648 [1380]
Success: git -C C:/Users/brent/Desktop/PXLocal/DC/project1/mtb_shared/recipe-make-cat1a/release-v2.1.1 checkout release-v2.1.1
Starting: git -C C:/Users/brent/Desktop/PXLocal/DC/project1/mtb_shared/core-make/release-v3.2.2 remote set-url cypress https://github.com/cypresssemiconductorco/core-make
Success: git -C C:/Users/brent/Desktop/PXLocal/DC/project1/mtb_shared/core-make/release-v3.2.2 remote set-url cypress https://github.com/cypresssemiconductorco/core-make
Starting: git -C C:/Users/brent/Desktop/PXLocal/DC/project1/mtb_shared/cat1cm0p/release-v1.2.0 remote set-url cypress https://github.com/Infineon/cat1cm0p
Note: switching to 'release-v1.2.1'.

You are in 'detached HEAD' state. You can look around, make experimental
changes and commit them, and you can discard any commits you make in this
state without impacting any branches by switching back to a branch.

If you want to create a new branch to retain commits you create, you may
do so (now or later) by using -c with the switch command. Example:

  git switch -c <new-branch-name>

Or undo this operation with:

  git switch -

Turn off this advice by setting config variable advice.detachedHead to false

HEAD is now at 9ecf7fb Upload udb-sdio-whd [990]
Success: git -C C:/Users/brent/Desktop/PXLocal/DC/project1/mtb_shared/cat1cm0p/release-v1.2.0 remote set-url cypress https://github.com/Infineon/cat1cm0p
Starting: git -C C:/Users/brent/Desktop/PXLocal/DC/project1/mtb_shared/recipe-make-cat1a/release-v2.1.1 remote set-url cypress https://github.com/cypresssemiconductorco/recipe-make-cat1a
Success: git -C C:/Users/brent/Desktop/PXLocal/DC/project1/mtb_shared/udb-sdio-whd/release-v1.2.1 checkout release-v1.2.1
Starting: git -C C:/Users/brent/Desktop/PXLocal/DC/project1/mtb_shared/core-make/release-v3.2.2 remote set-url --push cypress https://github.com/cypresssemiconductorco/core-make
Note: switching to 'release-v1.4.1'.

You are in 'detached HEAD' state. You can look around, make experimental
changes and commit them, and you can discard any commits you make in this
state without impacting any branches by switching back to a branch.

If you want to create a new branch to retain commits you create, you may
do so (now or later) by using -c with the switch command. Example:

  git switch -c <new-branch-name>

Or undo this operation with:

  git switch -

Turn off this advice by setting config variable advice.detachedHead to false

HEAD is now at a74be8b Upload core-lib [1796]
Success: git -C C:/Users/brent/Desktop/PXLocal/DC/project1/mtb_shared/core-lib/release-v1.4.1 checkout release-v1.4.1
Starting: git -C C:/Users/brent/Desktop/PXLocal/DC/project1/mtb_shared/cat1cm0p/release-v1.2.0 remote set-url --push cypress https://github.com/Infineon/cat1cm0p
Success: git -C C:/Users/brent/Desktop/PXLocal/DC/project1/mtb_shared/recipe-make-cat1a/release-v2.1.1 remote set-url cypress https://github.com/cypresssemiconductorco/recipe-make-cat1a
Starting: git -C C:/Users/brent/Desktop/PXLocal/DC/project1/mtb_shared/udb-sdio-whd/release-v1.2.1 remote set-url cypress https://github.com/cypresssemiconductorco/udb-sdio-whd
Success: git -C C:/Users/brent/Desktop/PXLocal/DC/project1/mtb_shared/core-make/release-v3.2.2 remote set-url --push cypress https://github.com/cypresssemiconductorco/core-make
Starting: git -C C:/Users/brent/Desktop/PXLocal/DC/project1/mtb_shared/core-lib/release-v1.4.1 remote set-url cypress https://github.com/cypresssemiconductorco/core-lib
Success: git -C C:/Users/brent/Desktop/PXLocal/DC/project1/mtb_shared/cat1cm0p/release-v1.2.0 remote set-url --push cypress https://github.com/Infineon/cat1cm0p
Starting: git -C C:/Users/brent/Desktop/PXLocal/DC/project1/mtb_shared/recipe-make-cat1a/release-v2.1.1 remote set-url --push cypress https://github.com/cypresssemiconductorco/recipe-make-cat1a
Success: git -C C:/Users/brent/Desktop/PXLocal/DC/project1/mtb_shared/core-lib/release-v1.4.1 remote set-url cypress https://github.com/cypresssemiconductorco/core-lib
Starting: git -C C:/Users/brent/Desktop/PXLocal/DC/project1/mtb_shared/core-make/release-v3.2.2 remote add cypress-offline C:/Users/brent/.modustoolbox/offline/git/https___github.com_cypresssemiconductorco_core-make/core-make
Success: git -C C:/Users/brent/Desktop/PXLocal/DC/project1/mtb_shared/udb-sdio-whd/release-v1.2.1 remote set-url cypress https://github.com/cypresssemiconductorco/udb-sdio-whd
Starting: git -C C:/Users/brent/Desktop/PXLocal/DC/project1/mtb_shared/cat1cm0p/release-v1.2.0 remote add cypress-offline C:/Users/brent/.modustoolbox/offline/git/https___github.com_Infineon_cat1cm0p/cat1cm0p
Success: git -C C:/Users/brent/Desktop/PXLocal/DC/project1/mtb_shared/recipe-make-cat1a/release-v2.1.1 remote set-url --push cypress https://github.com/cypresssemiconductorco/recipe-make-cat1a
Starting: git -C C:/Users/brent/Desktop/PXLocal/DC/project1/mtb_shared/core-lib/release-v1.4.1 remote set-url --push cypress https://github.com/cypresssemiconductorco/core-lib
Success: git -C C:/Users/brent/Desktop/PXLocal/DC/project1/mtb_shared/core-make/release-v3.2.2 remote add cypress-offline C:/Users/brent/.modustoolbox/offline/git/https___github.com_cypresssemiconductorco_core-make/core-make
Starting: git -C C:/Users/brent/Desktop/PXLocal/DC/project1/mtb_shared/udb-sdio-whd/release-v1.2.1 remote set-url --push cypress https://github.com/cypresssemiconductorco/udb-sdio-whd
Success: git -C C:/Users/brent/Desktop/PXLocal/DC/project1/mtb_shared/cat1cm0p/release-v1.2.0 remote add cypress-offline C:/Users/brent/.modustoolbox/offline/git/https___github.com_Infineon_cat1cm0p/cat1cm0p
Starting: git -C C:/Users/brent/Desktop/PXLocal/DC/project1/mtb_shared/recipe-make-cat1a/release-v2.1.1 remote add cypress-offline C:/Users/brent/.modustoolbox/offline/git/https___github.com_cypresssemiconductorco_recipe-make-cat1a/recipe-make-cat1a
Success: git -C C:/Users/brent/Desktop/PXLocal/DC/project1/mtb_shared/core-lib/release-v1.4.1 remote set-url --push cypress https://github.com/cypresssemiconductorco/core-lib
Starting: git -C C:/Users/brent/Desktop/PXLocal/DC/project1/mtb_shared/core-lib/release-v1.4.1 remote add cypress-offline C:/Users/brent/.modustoolbox/offline/git/https___github.com_cypresssemiconductorco_core-lib/core-lib
Success: git -C C:/Users/brent/Desktop/PXLocal/DC/project1/mtb_shared/udb-sdio-whd/release-v1.2.1 remote set-url --push cypress https://github.com/cypresssemiconductorco/udb-sdio-whd
Starting: git -C C:/Users/brent/Desktop/PXLocal/DC/project1/mtb_shared/udb-sdio-whd/release-v1.2.1 remote add cypress-offline C:/Users/brent/.modustoolbox/offline/git/https___github.com_cypresssemiconductorco_udb-sdio-whd/udb-sdio-whd
Success: git -C C:/Users/brent/Desktop/PXLocal/DC/project1/mtb_shared/recipe-make-cat1a/release-v2.1.1 remote add cypress-offline C:/Users/brent/.modustoolbox/offline/git/https___github.com_cypresssemiconductorco_recipe-make-cat1a/recipe-make-cat1a
Success: git -C C:/Users/brent/Desktop/PXLocal/DC/project1/mtb_shared/core-lib/release-v1.4.1 remote add cypress-offline C:/Users/brent/.modustoolbox/offline/git/https___github.com_cypresssemiconductorco_core-lib/core-lib
Success: git -C C:/Users/brent/Desktop/PXLocal/DC/project1/mtb_shared/udb-sdio-whd/release-v1.2.1 remote add cypress-offline C:/Users/brent/.modustoolbox/offline/git/https___github.com_cypresssemiconductorco_udb-sdio-whd/udb-sdio-whd
Note: switching to '
release-v4.2.0'.

You are in 'detached HEAD' state. You can look around, make experimental
changes and commit them, and you can discard any commits you make in this
state without impacting any branches by switching back to a branch.

If you want to create a new branch to retain commits you create, you may
do so (now or later) by using -c with the switch command. Example:

  git switch -c <new-branch-name>

Or undo this operation with:

  git switch -

Turn off this advice by setting config variable advice.detachedHead to false

HEAD is now at 764a346 Upload TARGET_CY8CKIT-062-WIFI-BT [1515]
Success: git -C C:/Users/brent/Desktop/PXLocal/DC/project1/UART/libs/TARGET_CY8CKIT-062-WIFI-BT checkout release-v4.2.0
Starting: git -C C:/Users/brent/Desktop/PXLocal/DC/project1/UART/libs/TARGET_CY8CKIT-062-WIFI-BT remote set-url cypress https://github.com/cypresssemiconductorco/TARGET_CY8CKIT-062-WIFI-BT
Success: git -C C:/Users/brent/Desktop/PXLocal/DC/project1/UART/libs/TARGET_CY8CKIT-062-WIFI-BT remote set-url cypress https://github.com/cypresssemiconductorco/TARGET_CY8CKIT-062-WIFI-BT
Starting: git -C C:/Users/brent/Desktop/PXLocal/DC/project1/UART/libs/TARGET_CY8CKIT-062-WIFI-BT remote set-url --push cypress https://github.com/cypresssemiconductorco/TARGET_CY8CKIT-062-WIFI-BT
Success: git -C C:/Users/brent/Desktop/PXLocal/DC/project1/UART/libs/TARGET_CY8CKIT-062-WIFI-BT remote set-url --push cypress https://github.com/cypresssemiconductorco/TARGET_CY8CKIT-062-WIFI-BT
Starting: git -C C:/Users/brent/Desktop/PXLocal/DC/project1/UART/libs/TARGET_CY8CKIT-062-WIFI-BT remote add cypress-offline C:/Users/brent/.modustoolbox/offline/git/https___github.com_cypresssemiconductorco_TARGET_CY8CKIT-062-WIFI-BT/TARGET_CY8CKIT-062-WIFI-BT
Success: git -C C:/Users/brent/Desktop/PXLocal/DC/project1/UART/libs/TARGET_CY8CKIT-062-WIFI-BT remote add cypress-offline C:/Users/brent/.modustoolbox/offline/git/https___github.com_cypresssemiconductorco_TARGET_CY8CKIT-062-WIFI-BT/TARGET_CY8CKIT-062-WIFI-BT
Note: switching to 'release-v5.8.0'.

You are in 'detached HEAD' state. You can look around, make experimental
changes and commit them, and you can discard any commits you make in this
state without impacting any branches by switching back to a branch.

If you want to create a new branch to retain commits you create, you may
do so (now or later) by using -c with the switch command. Example:

  git switch -c <new-branch-name>

Or undo this operation with:

  git switch -

Turn off this advice by setting config variable advice.detachedHead to false

HEAD is now at ce02f64 Upload cmsis 5.8.0.50
Success: git -C C:/Users/brent/Desktop/PXLocal/DC/project1/mtb_shared/cmsis/release-v5.8.0 checkout release-v5.8.0
Starting: git -C C:/Users/brent/Desktop/PXLocal/DC/project1/mtb_shared/cmsis/release-v5.8.0 remote set-url cypress https://github.com/Infineon/cmsis
Success: git -C C:/Users/brent/Desktop/PXLocal/DC/project1/mtb_shared/cmsis/release-v5.8.0 remote set-url cypress https://github.com/Infineon/cmsis
Starting: git -C C:/Users/brent/Desktop/PXLocal/DC/project1/mtb_shared/cmsis/release-v5.8.0 remote set-url --push cypress https://github.com/Infineon/cmsis
Success: git -C C:/Users/brent/Desktop/PXLocal/DC/project1/mtb_shared/cmsis/release-v5.8.0 remote set-url --push cypress https://github.com/Infineon/cmsis
Starting: git -C C:/Users/brent/Desktop/PXLocal/DC/project1/mtb_shared/cmsis/release-v5.8.0 remote add cypress-offline C:/Users/brent/.modustoolbox/offline/git/https___github.com_Infineon_cmsis/cmsis
Success: git -C C:/Users/brent/Desktop/PXLocal/DC/project1/mtb_shared/cmsis/release-v5.8.0 remote add cypress-offline C:/Users/brent/.modustoolbox/offline/git/https___github.com_Infineon_cmsis/cmsis
Note: switching to 'release-v2.4.3'.

You are in 'detached HEAD' state. You can look around, make experimental
changes and commit them, and you can discard any commits you make in this
state without impacting any branches by switching back to a branch.

If you want to create a new branch to retain commits you create, you may
do so (now or later) by using -c with the switch command. Example:

  git switch -c <new-branch-name>

Or undo this operation with:

  git switch -

Turn off this advice by setting config variable advice.detachedHead to false

HEAD is now at 0373e75 Upload mtb-hal-cat1 [1864]
Success: git -C C:/Users/brent/Desktop/PXLocal/DC/project1/mtb_shared/mtb-hal-cat1/release-v2.4.3 checkout release-v2.4.3
Starting: git -C C:/Users/brent/Desktop/PXLocal/DC/project1/mtb_shared/mtb-hal-cat1/release-v2.4.3 remote set-url cypress https://github.com/cypresssemiconductorco/mtb-hal-cat1
Success: git -C C:/Users/brent/Desktop/PXLocal/DC/project1/mtb_shared/mtb-hal-cat1/release-v2.4.3 remote set-url cypress https://github.com/cypresssemiconductorco/mtb-hal-cat1
Starting: git -C C:/Users/brent/Desktop/PXLocal/DC/project1/mtb_shared/mtb-hal-cat1/release-v2.4.3 remote set-url --push cypress https://github.com/cypresssemiconductorco/mtb-hal-cat1
Success: git -C C:/Users/brent/Desktop/PXLocal/DC/project1/mtb_shared/mtb-hal-cat1/release-v2.4.3 remote set-url --push cypress https://github.com/cypresssemiconductorco/mtb-hal-cat1
Starting: git -C C:/Users/brent/Desktop/PXLocal/DC/project1/mtb_shared/mtb-hal-cat1/release-v2.4.3 remote add cypress-offline C:/Users/brent/.modustoolbox/offline/git/https___github.com_cypresssemiconductorco_mtb-hal-cat1/mtb-hal-cat1
Success: git -C C:/Users/brent/Desktop/PXLocal/DC/project1/mtb_shared/mtb-hal-cat1/release-v2.4.3 remote add cypress-offline C:/Users/brent/.modustoolbox/offline/git/https___github.com_cypresssemiconductorco_mtb-hal-cat1/mtb-hal-cat1
Note: switching to 'release-v3.7.0'.

You are in 'detached HEAD' state. You can look around, make experimental
changes and commit them, and you can discard any commits you make in this
state without impacting any branches by switching back to a branch.

If you want to create a new branch to retain commits you create, you may
do so (now or later) by using -c with the switch command. Example:

  git switch -c <new-branch-name>

Or undo this operation with:

  git switch -

Turn off this advice by setting config variable advice.detachedHead to false

HEAD is now at 94eb787 Upload mtb-pdl-cat1 3.7.0.27344 [1864]
Success: git -C C:/Users/brent/Desktop/PXLocal/DC/project1/mtb_shared/mtb-pdl-cat1/release-v3.7.0 checkout release-v3.7.0
Starting: git -C C:/Users/brent/Desktop/PXLocal/DC/project1/mtb_shared/mtb-pdl-cat1/release-v3.7.0 remote set-url cypress https://github.com/cypresssemiconductorco/mtb-pdl-cat1
Success: git -C C:/Users/brent/Desktop/PXLocal/DC/project1/mtb_shared/mtb-pdl-cat1/release-v3.7.0 remote set-url cypress https://github.com/cypresssemiconductorco/mtb-pdl-cat1
Starting: git -C C:/Users/brent/Desktop/PXLocal/DC/project1/mtb_shared/mtb-pdl-cat1/release-v3.7.0 remote set-url --push cypress https://github.com/cypresssemiconductorco/mtb-pdl-cat1
Success: git -C C:/Users/brent/Desktop/PXLocal/DC/project1/mtb_shared/mtb-pdl-cat1/release-v3.7.0 remote set-url --push cypress https://github.com/cypresssemiconductorco/mtb-pdl-cat1
Starting: git -C C:/Users/brent/Desktop/PXLocal/DC/project1/mtb_shared/mtb-pdl-cat1/release-v3.7.0 remote add cypress-offline C:/Users/brent/.modustoolbox/offline/git/https___github.com_cypresssemiconductorco_mtb-pdl-cat1/mtb-pdl-cat1
Success: git -C C:/Users/brent/Desktop/PXLocal/DC/project1/mtb_shared/mtb-pdl-cat1/release-v3.7.0 remote add cypress-offline C:/Users/brent/.modustoolbox/offline/git/https___github.com_cypresssemiconductorco_mtb-pdl-cat1/mtb-pdl-cat1
Requested to change the active target to 'APP_CY8CKIT-062-WIFI-BT'.
Removed the file 'C:/Users/brent/Desktop/PXLocal/DC/project1/UART/deps/TARGET_CY8CKIT-062-WIFI-BT.mtb'.
Writing the file 'C:/Users/brent/Desktop/PXLocal/DC/project1/UART/libs/app.mk'.
Successfully committed changes to the project 'mtb-example-empty-app'.
Project "UART" created successfully.
Successfully created "UART" application.
==============================================================================
= Export "UART" application to Eclipse IDE for ModusToolbox™ =
==============================================================================
C:/Users/brent/ModusToolbox/tools_3.0/modus-shell/bin/make.exe eclipse CY_IDE_PRJNAME=UART CY_MAKE_IDE=eclipse CY_MAKE_IDE_VERSION=3.0 CY_TOOLS_PATHS=C:/Users/brent/ModusToolbox/tools_3.0 MTB_MAKE_ECLIPSE_FORCE_REGENERATE_PROJECT=1
Tools Directory: C:/Users/brent/ModusToolbox/tools_3.0
Searching installed tools in progress...
Searching installed tools complete


Initializing build: mtb-example-empty-app Debug APP_CY8CKIT-062-WIFI-BT GCC_ARM

Prebuild operations complete

Auto-discovery in progress...
Auto-discovery complete
Commencing build operations...

Tools Directory: C:/Users/brent/ModusToolbox/tools_3.0

Constructing build rules...
Build rules construction complete

==============================================================================
= Generating IDE files =
==============================================================================
Generated C:/Users/brent/Desktop/PXLocal/DC/project1/UART/.mtbLaunchConfigs/UART Attach (JLink).launch
Generated C:/Users/brent/Desktop/PXLocal/DC/project1/UART/.mtbLaunchConfigs/UART Attach (KitProg3_MiniProg4).launch
Generated C:/Users/brent/Desktop/PXLocal/DC/project1/UART/.mtbLaunchConfigs/UART Debug (JLink).launch
Generated C:/Users/brent/Desktop/PXLocal/DC/project1/UART/.mtbLaunchConfigs/UART Debug (KitProg3_MiniProg4).launch
Generated C:/Users/brent/Desktop/PXLocal/DC/project1/UART/.mtbLaunchConfigs/UART Erase (JLink).launch
Generated C:/Users/brent/Desktop/PXLocal/DC/project1/UART/.mtbLaunchConfigs/UART Erase (KitProg3_MiniProg4).launch
Generated C:/Users/brent/Desktop/PXLocal/DC/project1/UART/.mtbLaunchConfigs/UART Program (JLink).launch
Generated C:/Users/brent/Desktop/PXLocal/DC/project1/UART/.mtbLaunchConfigs/UART Program (KitProg3_MiniProg4).launch
Generated C:/Users/brent/Desktop/PXLocal/DC/project1/UART/.project
Generated C:/Users/brent/Desktop/PXLocal/DC/project1/UART/.cproject
Instructions:
1. Open Eclipse IDE for ModusToolbox
2. Select 'Import Existing Application In-Place' from the QuickPanel
3. Browse to the application root directory
The application "UART" was successfully exported to Eclipse IDE for ModusToolbox™.
0 error(s), 0 warning(s)

Summary:

Successfully created and exported "UART" application.
